[35m[1mScanning dependencies of target _rosserial_msgs_generate_messages_check_deps_RequestMessageInfo[0m
[  0%] Built target _rosserial_msgs_generate_messages_check_deps_RequestMessageInfo
[35m[1mScanning dependencies of target _rosserial_msgs_generate_messages_check_deps_RequestServiceInfo[0m
[  0%] Built target _rosserial_msgs_generate_messages_check_deps_RequestServiceInfo
[35m[1mScanning dependencies of target _rosserial_msgs_generate_messages_check_deps_Log[0m
[  0%] Built target _rosserial_msgs_generate_messages_check_deps_Log
[35m[1mScanning dependencies of target _rosserial_msgs_generate_messages_check_deps_TopicInfo[0m
[  0%] Built target _rosserial_msgs_generate_messages_check_deps_TopicInfo
[35m[1mScanning dependencies of target _rosserial_msgs_generate_messages_check_deps_RequestParam[0m
[  0%] Built target _rosserial_msgs_generate_messages_check_deps_RequestParam
[35m[1mScanning dependencies of target rosserial_msgs_generate_messages_py[0m
[  3%] [34m[1mGenerating Python from MSG rosserial_msgs/TopicInfo[0m
[  7%] [34m[1mGenerating Python from MSG rosserial_msgs/Log[0m
[ 10%] [34m[1mGenerating Python code from SRV rosserial_msgs/RequestServiceInfo[0m
[ 14%] [34m[1mGenerating Python code from SRV rosserial_msgs/RequestMessageInfo[0m
[ 17%] [34m[1mGenerating Python code from SRV rosserial_msgs/RequestParam[0m
[ 21%] [34m[1mGenerating Python msg __init__.py for rosserial_msgs[0m
[ 25%] [34m[1mGenerating Python srv __init__.py for rosserial_msgs[0m
[ 25%] Built target rosserial_msgs_generate_messages_py
[35m[1mScanning dependencies of target rosserial_msgs_generate_messages_eus[0m
[ 28%] [34m[1mGenerating EusLisp code from rosserial_msgs/TopicInfo.msg[0m
[ 32%] [34m[1mGenerating EusLisp code from rosserial_msgs/Log.msg[0m
[ 35%] [34m[1mGenerating EusLisp code from rosserial_msgs/RequestServiceInfo.srv[0m
[ 39%] [34m[1mGenerating EusLisp code from rosserial_msgs/RequestMessageInfo.srv[0m
[ 42%] [34m[1mGenerating EusLisp code from rosserial_msgs/RequestParam.srv[0m
[ 46%] [34m[1mGenerating EusLisp manifest code for rosserial_msgs[0m
[ 46%] Built target rosserial_msgs_generate_messages_eus
[35m[1mScanning dependencies of target rosserial_msgs_generate_messages_nodejs[0m
[ 50%] [34m[1mGenerating Javascript code from rosserial_msgs/TopicInfo.msg[0m
[ 53%] [34m[1mGenerating Javascript code from rosserial_msgs/Log.msg[0m
[ 57%] [34m[1mGenerating Javascript code from rosserial_msgs/RequestServiceInfo.srv[0m
[ 60%] [34m[1mGenerating Javascript code from rosserial_msgs/RequestMessageInfo.srv[0m
[ 64%] [34m[1mGenerating Javascript code from rosserial_msgs/RequestParam.srv[0m
[ 64%] Built target rosserial_msgs_generate_messages_nodejs
[35m[1mScanning dependencies of target rosserial_msgs_generate_messages_cpp[0m
[ 67%] [34m[1mGenerating C++ code from rosserial_msgs/TopicInfo.msg[0m
[ 71%] [34m[1mGenerating C++ code from rosserial_msgs/Log.msg[0m
[ 75%] [34m[1mGenerating C++ code from rosserial_msgs/RequestServiceInfo.srv[0m
[ 78%] [34m[1mGenerating C++ code from rosserial_msgs/RequestMessageInfo.srv[0m
[ 82%] [34m[1mGenerating C++ code from rosserial_msgs/RequestParam.srv[0m
[ 82%] Built target rosserial_msgs_generate_messages_cpp
[35m[1mScanning dependencies of target rosserial_msgs_generate_messages_lisp[0m
[ 85%] [34m[1mGenerating Lisp code from rosserial_msgs/TopicInfo.msg[0m
[ 89%] [34m[1mGenerating Lisp code from rosserial_msgs/Log.msg[0m
[ 92%] [34m[1mGenerating Lisp code from rosserial_msgs/RequestServiceInfo.srv[0m
[ 96%] [34m[1mGenerating Lisp code from rosserial_msgs/RequestMessageInfo.srv[0m
[100%] [34m[1mGenerating Lisp code from rosserial_msgs/RequestParam.srv[0m
[100%] Built target rosserial_msgs_generate_messages_lisp
[35m[1mScanning dependencies of target rosserial_msgs_generate_messages[0m
[100%] Built target rosserial_msgs_generate_messages
