Symlinking /home/marvin/mARVin/catkin_ws/devel/lib/pkgconfig/gps_common.pc
Symlinking /home/marvin/mARVin/catkin_ws/devel/lib/gps_common/utm_odometry_node
Symlinking /home/marvin/mARVin/catkin_ws/devel/lib/gps_common/utm_odometry_path_init_node
Symlinking /home/marvin/mARVin/catkin_ws/devel/lib/python2.7/dist-packages/gps_common/__init__.py
Symlinking /home/marvin/mARVin/catkin_ws/devel/lib/python2.7/dist-packages/gps_common/msg/_GPSStatus.py
Symlinking /home/marvin/mARVin/catkin_ws/devel/lib/python2.7/dist-packages/gps_common/msg/__init__.py
Symlinking /home/marvin/mARVin/catkin_ws/devel/lib/python2.7/dist-packages/gps_common/msg/_GPSFix.py
Symlinking /home/marvin/mARVin/catkin_ws/devel/include/gps_common/GPSFix.h
Symlinking /home/marvin/mARVin/catkin_ws/devel/include/gps_common/GPSStatus.h
Symlinking /home/marvin/mARVin/catkin_ws/devel/share/roseus/ros/gps_common/manifest.l
Symlinking /home/marvin/mARVin/catkin_ws/devel/share/roseus/ros/gps_common/msg/GPSStatus.l
Symlinking /home/marvin/mARVin/catkin_ws/devel/share/roseus/ros/gps_common/msg/GPSFix.l
Symlinking /home/marvin/mARVin/catkin_ws/devel/share/gennodejs/ros/gps_common/_index.js
Symlinking /home/marvin/mARVin/catkin_ws/devel/share/gennodejs/ros/gps_common/msg/GPSFix.js
Symlinking /home/marvin/mARVin/catkin_ws/devel/share/gennodejs/ros/gps_common/msg/GPSStatus.js
Symlinking /home/marvin/mARVin/catkin_ws/devel/share/gennodejs/ros/gps_common/msg/_index.js
Symlinking /home/marvin/mARVin/catkin_ws/devel/share/common-lisp/ros/gps_common/msg/GPSFix.lisp
Symlinking /home/marvin/mARVin/catkin_ws/devel/share/common-lisp/ros/gps_common/msg/_package_GPSFix.lisp
Symlinking /home/marvin/mARVin/catkin_ws/devel/share/common-lisp/ros/gps_common/msg/_package.lisp
Symlinking /home/marvin/mARVin/catkin_ws/devel/share/common-lisp/ros/gps_common/msg/_package_GPSStatus.lisp
Symlinking /home/marvin/mARVin/catkin_ws/devel/share/common-lisp/ros/gps_common/msg/GPSStatus.lisp
Symlinking /home/marvin/mARVin/catkin_ws/devel/share/common-lisp/ros/gps_common/msg/gps_common-msg.asd
Symlinking /home/marvin/mARVin/catkin_ws/devel/share/gps_common/cmake/gps_common-msg-paths.cmake
Symlinking /home/marvin/mARVin/catkin_ws/devel/share/gps_common/cmake/gps_commonConfig.cmake
Symlinking /home/marvin/mARVin/catkin_ws/devel/share/gps_common/cmake/gps_common-msg-extras.cmake
Symlinking /home/marvin/mARVin/catkin_ws/devel/share/gps_common/cmake/gps_commonConfig-version.cmake
