Determining if the pthread_create exist failed with the following output:
Change Dir: /home/andrew/mARVin/gpsProj/cmake-build-debug/CMakeFiles/CMakeTmp

Run Build Command:"/usr/bin/make" "cmTC_91e0a/fast"
/usr/bin/make -f CMakeFiles/cmTC_91e0a.dir/build.make CMakeFiles/cmTC_91e0a.dir/build
make[1]: Entering directory '/home/andrew/mARVin/gpsProj/cmake-build-debug/CMakeFiles/CMakeTmp'
Building C object CMakeFiles/cmTC_91e0a.dir/CheckSymbolExists.c.o
/usr/bin/cc    -o CMakeFiles/cmTC_91e0a.dir/CheckSymbolExists.c.o   -c /home/andrew/mARVin/gpsProj/cmake-build-debug/CMakeFiles/CMakeTmp/CheckSymbolExists.c
Linking C executable cmTC_91e0a
/home/andrew/clion-2018.2.4/bin/cmake/linux/bin/cmake -E cmake_link_script CMakeFiles/cmTC_91e0a.dir/link.txt --verbose=1
/usr/bin/cc      CMakeFiles/cmTC_91e0a.dir/CheckSymbolExists.c.o  -o cmTC_91e0a 
CMakeFiles/cmTC_91e0a.dir/CheckSymbolExists.c.o: In function `main':
CheckSymbolExists.c:(.text+0x16): undefined reference to `pthread_create'
collect2: error: ld returned 1 exit status
CMakeFiles/cmTC_91e0a.dir/build.make:86: recipe for target 'cmTC_91e0a' failed
make[1]: *** [cmTC_91e0a] Error 1
make[1]: Leaving directory '/home/andrew/mARVin/gpsProj/cmake-build-debug/CMakeFiles/CMakeTmp'
Makefile:121: recipe for target 'cmTC_91e0a/fast' failed
make: *** [cmTC_91e0a/fast] Error 2

File /home/andrew/mARVin/gpsProj/cmake-build-debug/CMakeFiles/CMakeTmp/CheckSymbolExists.c:
/* */
#include <pthread.h>

int main(int argc, char** argv)
{
  (void)argv;
#ifndef pthread_create
  return ((int*)(&pthread_create))[argc];
#else
  (void)argc;
  return 0;
#endif
}

