[35m[1mScanning dependencies of target set_waypoints[0m
[ 20%] [32mBuilding CXX object CMakeFiles/set_waypoints.dir/src/set_waypoints.cpp.o[0m
[ 40%] [32m[1mLinking CXX executable /home/marvin/mARVin/catkin_ws/devel/.private/marvin_gps/lib/marvin_gps/set_waypoints[0m
[ 40%] Built target set_waypoints
[35m[1mScanning dependencies of target sensor_msgs_generate_messages_eus[0m
[ 40%] Built target sensor_msgs_generate_messages_eus
[35m[1mScanning dependencies of target nav_msgs_generate_messages_eus[0m
[ 40%] Built target nav_msgs_generate_messages_eus
[35m[1mScanning dependencies of target std_msgs_generate_messages_eus[0m
[ 40%] Built target std_msgs_generate_messages_eus
[35m[1mScanning dependencies of target sensor_msgs_generate_messages_py[0m
[ 40%] Built target sensor_msgs_generate_messages_py
[35m[1mScanning dependencies of target std_msgs_generate_messages_py[0m
[ 40%] Built target std_msgs_generate_messages_py
[35m[1mScanning dependencies of target nav_msgs_generate_messages_py[0m
[ 40%] Built target nav_msgs_generate_messages_py
[35m[1mScanning dependencies of target std_msgs_generate_messages_lisp[0m
[ 40%] Built target std_msgs_generate_messages_lisp
[35m[1mScanning dependencies of target nav_msgs_generate_messages_lisp[0m
[ 40%] Built target nav_msgs_generate_messages_lisp
[35m[1mScanning dependencies of target sensor_msgs_generate_messages_lisp[0m
[ 40%] Built target sensor_msgs_generate_messages_lisp
[35m[1mScanning dependencies of target nav_msgs_generate_messages_nodejs[0m
[ 40%] Built target nav_msgs_generate_messages_nodejs
[35m[1mScanning dependencies of target sensor_msgs_generate_messages_nodejs[0m
[ 40%] Built target sensor_msgs_generate_messages_nodejs
[35m[1mScanning dependencies of target std_msgs_generate_messages_nodejs[0m
[ 40%] Built target std_msgs_generate_messages_nodejs
[35m[1mScanning dependencies of target nav_msgs_generate_messages_cpp[0m
[ 40%] Built target nav_msgs_generate_messages_cpp
[35m[1mScanning dependencies of target sensor_msgs_generate_messages_cpp[0m
[ 40%] Built target sensor_msgs_generate_messages_cpp
[35m[1mScanning dependencies of target std_msgs_generate_messages_cpp[0m
[ 40%] Built target std_msgs_generate_messages_cpp
[35m[1mScanning dependencies of target gpsNode[0m
[ 60%] [32mBuilding CXX object CMakeFiles/gpsNode.dir/src/gpsNode.cpp.o[0m
[ 80%] [32m[1mLinking CXX executable /home/marvin/mARVin/catkin_ws/devel/.private/marvin_gps/lib/marvin_gps/gpsNode[0m
[ 80%] Built target gpsNode
[35m[1mScanning dependencies of target marvin_gps_generate_messages_eus[0m
[100%] [34m[1mGenerating EusLisp manifest code for marvin_gps[0m
[100%] Built target marvin_gps_generate_messages_eus
[35m[1mScanning dependencies of target marvin_gps_generate_messages_py[0m
[100%] Built target marvin_gps_generate_messages_py
[35m[1mScanning dependencies of target marvin_gps_generate_messages_lisp[0m
[100%] Built target marvin_gps_generate_messages_lisp
[35m[1mScanning dependencies of target marvin_gps_generate_messages_nodejs[0m
[100%] Built target marvin_gps_generate_messages_nodejs
[35m[1mScanning dependencies of target marvin_gps_generate_messages_cpp[0m
[100%] Built target marvin_gps_generate_messages_cpp
[35m[1mScanning dependencies of target marvin_gps_generate_messages[0m
[100%] Built target marvin_gps_generate_messages
