[35m[1mScanning dependencies of target sensor_msgs_generate_messages_py[0m
[  0%] Built target sensor_msgs_generate_messages_py
[35m[1mScanning dependencies of target _realsense2_camera_generate_messages_check_deps_IMUInfo[0m
[  0%] Built target _realsense2_camera_generate_messages_check_deps_IMUInfo
[35m[1mScanning dependencies of target std_msgs_generate_messages_py[0m
[  0%] Built target std_msgs_generate_messages_py
[35m[1mScanning dependencies of target _realsense2_camera_generate_messages_check_deps_Extrinsics[0m
[  0%] Built target _realsense2_camera_generate_messages_check_deps_Extrinsics
[35m[1mScanning dependencies of target sensor_msgs_generate_messages_lisp[0m
[  0%] Built target sensor_msgs_generate_messages_lisp
[35m[1mScanning dependencies of target std_msgs_generate_messages_lisp[0m
[  0%] Built target std_msgs_generate_messages_lisp
[35m[1mScanning dependencies of target std_msgs_generate_messages_eus[0m
[  0%] Built target std_msgs_generate_messages_eus
[35m[1mScanning dependencies of target sensor_msgs_generate_messages_eus[0m
[  0%] Built target sensor_msgs_generate_messages_eus
[35m[1mScanning dependencies of target sensor_msgs_generate_messages_cpp[0m
[  0%] Built target sensor_msgs_generate_messages_cpp
[35m[1mScanning dependencies of target std_msgs_generate_messages_cpp[0m
[  0%] Built target std_msgs_generate_messages_cpp
[35m[1mScanning dependencies of target std_msgs_generate_messages_nodejs[0m
[  0%] Built target std_msgs_generate_messages_nodejs
[35m[1mScanning dependencies of target sensor_msgs_generate_messages_nodejs[0m
[  0%] Built target sensor_msgs_generate_messages_nodejs
[35m[1mScanning dependencies of target tf_generate_messages_py[0m
[  0%] Built target tf_generate_messages_py
[35m[1mScanning dependencies of target diagnostic_msgs_generate_messages_nodejs[0m
[  0%] Built target diagnostic_msgs_generate_messages_nodejs
[35m[1mScanning dependencies of target diagnostic_msgs_generate_messages_cpp[0m
[  0%] Built target diagnostic_msgs_generate_messages_cpp
[35m[1mScanning dependencies of target dynamic_reconfigure_gencfg[0m
[  0%] Built target dynamic_reconfigure_gencfg
[35m[1mScanning dependencies of target dynamic_reconfigure_generate_messages_py[0m
[  0%] Built target dynamic_reconfigure_generate_messages_py
[35m[1mScanning dependencies of target dynamic_reconfigure_generate_messages_lisp[0m
[  0%] Built target dynamic_reconfigure_generate_messages_lisp
[35m[1mScanning dependencies of target dynamic_reconfigure_generate_messages_eus[0m
[  0%] Built target dynamic_reconfigure_generate_messages_eus
[35m[1mScanning dependencies of target dynamic_reconfigure_generate_messages_cpp[0m
[  0%] Built target dynamic_reconfigure_generate_messages_cpp
[35m[1mScanning dependencies of target tf2_msgs_generate_messages_lisp[0m
[  0%] Built target tf2_msgs_generate_messages_lisp
[35m[1mScanning dependencies of target tf2_msgs_generate_messages_cpp[0m
[  0%] Built target tf2_msgs_generate_messages_cpp
[35m[1mScanning dependencies of target actionlib_msgs_generate_messages_py[0m
[  0%] Built target actionlib_msgs_generate_messages_py
[35m[1mScanning dependencies of target tf2_msgs_generate_messages_py[0m
[  0%] Built target tf2_msgs_generate_messages_py
[35m[1mScanning dependencies of target actionlib_msgs_generate_messages_nodejs[0m
[  0%] Built target actionlib_msgs_generate_messages_nodejs
[35m[1mScanning dependencies of target actionlib_msgs_generate_messages_lisp[0m
[  0%] Built target actionlib_msgs_generate_messages_lisp
[35m[1mScanning dependencies of target actionlib_generate_messages_py[0m
[  0%] Built target actionlib_generate_messages_py
[35m[1mScanning dependencies of target actionlib_msgs_generate_messages_eus[0m
[  0%] Built target actionlib_msgs_generate_messages_eus
[35m[1mScanning dependencies of target actionlib_generate_messages_lisp[0m
[  0%] Built target actionlib_generate_messages_lisp
[35m[1mScanning dependencies of target actionlib_generate_messages_eus[0m
[  0%] Built target actionlib_generate_messages_eus
[35m[1mScanning dependencies of target roscpp_generate_messages_lisp[0m
[  0%] Built target roscpp_generate_messages_lisp
[35m[1mScanning dependencies of target rosgraph_msgs_generate_messages_lisp[0m
[  0%] Built target rosgraph_msgs_generate_messages_lisp
[35m[1mScanning dependencies of target roscpp_generate_messages_nodejs[0m
[  0%] Built target roscpp_generate_messages_nodejs
[35m[1mScanning dependencies of target tf_generate_messages_eus[0m
[  0%] Built target tf_generate_messages_eus
[35m[1mScanning dependencies of target rosgraph_msgs_generate_messages_nodejs[0m
[  0%] Built target rosgraph_msgs_generate_messages_nodejs
[35m[1mScanning dependencies of target rosgraph_msgs_generate_messages_eus[0m
[  0%] Built target rosgraph_msgs_generate_messages_eus
[35m[1mScanning dependencies of target diagnostic_msgs_generate_messages_eus[0m
[  0%] Built target diagnostic_msgs_generate_messages_eus
[35m[1mScanning dependencies of target rosgraph_msgs_generate_messages_cpp[0m
[  0%] Built target rosgraph_msgs_generate_messages_cpp
[35m[1mScanning dependencies of target realsense2_camera_gencfg[0m
[  4%] [34m[1mGenerating dynamic reconfigure files from cfg/base_d400_params.cfg: /home/marvin/mARVin/catkin_ws/devel/.private/realsense2_camera/include/realsense2_camera/base_d400_paramsConfig.h /home/marvin/mARVin/catkin_ws/devel/.private/realsense2_camera/lib/python2.7/dist-packages/realsense2_camera/cfg/base_d400_paramsConfig.py[0m
Generating reconfiguration files for base_d400_params in realsense2_camera
Wrote header file in /home/marvin/mARVin/catkin_ws/devel/.private/realsense2_camera/include/realsense2_camera/base_d400_paramsConfig.h
[  9%] [34m[1mGenerating dynamic reconfigure files from cfg/sr300_params.cfg: /home/marvin/mARVin/catkin_ws/devel/.private/realsense2_camera/include/realsense2_camera/sr300_paramsConfig.h /home/marvin/mARVin/catkin_ws/devel/.private/realsense2_camera/lib/python2.7/dist-packages/realsense2_camera/cfg/sr300_paramsConfig.py[0m
Generating reconfiguration files for sr300_params in realsense2_camera
Wrote header file in /home/marvin/mARVin/catkin_ws/devel/.private/realsense2_camera/include/realsense2_camera/sr300_paramsConfig.h
[ 13%] [34m[1mGenerating dynamic reconfigure files from cfg/rs415_params.cfg: /home/marvin/mARVin/catkin_ws/devel/.private/realsense2_camera/include/realsense2_camera/rs415_paramsConfig.h /home/marvin/mARVin/catkin_ws/devel/.private/realsense2_camera/lib/python2.7/dist-packages/realsense2_camera/cfg/rs415_paramsConfig.py[0m
Generating reconfiguration files for rs415_params in realsense2_camera
Wrote header file in /home/marvin/mARVin/catkin_ws/devel/.private/realsense2_camera/include/realsense2_camera/rs415_paramsConfig.h
[ 18%] [34m[1mGenerating dynamic reconfigure files from cfg/rs435_params.cfg: /home/marvin/mARVin/catkin_ws/devel/.private/realsense2_camera/include/realsense2_camera/rs435_paramsConfig.h /home/marvin/mARVin/catkin_ws/devel/.private/realsense2_camera/lib/python2.7/dist-packages/realsense2_camera/cfg/rs435_paramsConfig.py[0m
Generating reconfiguration files for rs435_params in realsense2_camera
Wrote header file in /home/marvin/mARVin/catkin_ws/devel/.private/realsense2_camera/include/realsense2_camera/rs435_paramsConfig.h
[ 18%] Built target realsense2_camera_gencfg
[35m[1mScanning dependencies of target tf_generate_messages_cpp[0m
[ 18%] Built target tf_generate_messages_cpp
[35m[1mScanning dependencies of target nodelet_generate_messages_lisp[0m
[ 18%] Built target nodelet_generate_messages_lisp
[35m[1mScanning dependencies of target bond_generate_messages_cpp[0m
[ 18%] Built target bond_generate_messages_cpp
[35m[1mScanning dependencies of target geometry_msgs_generate_messages_lisp[0m
[ 18%] Built target geometry_msgs_generate_messages_lisp
[35m[1mScanning dependencies of target bond_generate_messages_py[0m
[ 18%] Built target bond_generate_messages_py
[35m[1mScanning dependencies of target dynamic_reconfigure_generate_messages_nodejs[0m
[ 18%] Built target dynamic_reconfigure_generate_messages_nodejs
[35m[1mScanning dependencies of target _catkin_empty_exported_target[0m
[ 18%] Built target _catkin_empty_exported_target
[35m[1mScanning dependencies of target tf2_msgs_generate_messages_eus[0m
[ 18%] Built target tf2_msgs_generate_messages_eus
[35m[1mScanning dependencies of target nodelet_generate_messages_cpp[0m
[ 18%] Built target nodelet_generate_messages_cpp
[35m[1mScanning dependencies of target geometry_msgs_generate_messages_nodejs[0m
[ 18%] Built target geometry_msgs_generate_messages_nodejs
[35m[1mScanning dependencies of target nodelet_generate_messages_py[0m
[ 18%] Built target nodelet_generate_messages_py
[35m[1mScanning dependencies of target roscpp_generate_messages_cpp[0m
[ 18%] Built target roscpp_generate_messages_cpp
[35m[1mScanning dependencies of target geometry_msgs_generate_messages_eus[0m
[ 18%] Built target geometry_msgs_generate_messages_eus
[35m[1mScanning dependencies of target actionlib_msgs_generate_messages_cpp[0m
[ 18%] Built target actionlib_msgs_generate_messages_cpp
[35m[1mScanning dependencies of target actionlib_generate_messages_nodejs[0m
[ 18%] Built target actionlib_generate_messages_nodejs
[35m[1mScanning dependencies of target geometry_msgs_generate_messages_cpp[0m
[ 18%] Built target geometry_msgs_generate_messages_cpp
[35m[1mScanning dependencies of target actionlib_generate_messages_cpp[0m
[ 18%] Built target actionlib_generate_messages_cpp
[35m[1mScanning dependencies of target geometry_msgs_generate_messages_py[0m
[ 18%] Built target geometry_msgs_generate_messages_py
[35m[1mScanning dependencies of target nodelet_generate_messages_nodejs[0m
[ 18%] Built target nodelet_generate_messages_nodejs
[35m[1mScanning dependencies of target diagnostic_msgs_generate_messages_lisp[0m
[ 18%] Built target diagnostic_msgs_generate_messages_lisp
[35m[1mScanning dependencies of target roscpp_generate_messages_eus[0m
[ 18%] Built target roscpp_generate_messages_eus
[35m[1mScanning dependencies of target bond_generate_messages_eus[0m
[ 18%] Built target bond_generate_messages_eus
[35m[1mScanning dependencies of target bond_generate_messages_lisp[0m
[ 18%] Built target bond_generate_messages_lisp
[35m[1mScanning dependencies of target tf2_msgs_generate_messages_nodejs[0m
[ 18%] Built target tf2_msgs_generate_messages_nodejs
[35m[1mScanning dependencies of target nodelet_generate_messages_eus[0m
[ 18%] Built target nodelet_generate_messages_eus
[35m[1mScanning dependencies of target bond_generate_messages_nodejs[0m
[ 18%] Built target bond_generate_messages_nodejs
[35m[1mScanning dependencies of target diagnostic_msgs_generate_messages_py[0m
[ 18%] Built target diagnostic_msgs_generate_messages_py
[35m[1mScanning dependencies of target rosgraph_msgs_generate_messages_py[0m
[ 18%] Built target rosgraph_msgs_generate_messages_py
[35m[1mScanning dependencies of target tf_generate_messages_lisp[0m
[ 18%] Built target tf_generate_messages_lisp
[35m[1mScanning dependencies of target roscpp_generate_messages_py[0m
[ 18%] Built target roscpp_generate_messages_py
[35m[1mScanning dependencies of target tf_generate_messages_nodejs[0m
[ 18%] Built target tf_generate_messages_nodejs
[35m[1mScanning dependencies of target realsense2_camera_generate_messages_py[0m
[ 22%] [34m[1mGenerating Python from MSG realsense2_camera/Extrinsics[0m
[ 27%] [34m[1mGenerating Python from MSG realsense2_camera/IMUInfo[0m
[ 31%] [34m[1mGenerating Python msg __init__.py for realsense2_camera[0m
[ 31%] Built target realsense2_camera_generate_messages_py
[35m[1mScanning dependencies of target realsense2_camera_generate_messages_lisp[0m
[ 36%] [34m[1mGenerating Lisp code from realsense2_camera/Extrinsics.msg[0m
[ 40%] [34m[1mGenerating Lisp code from realsense2_camera/IMUInfo.msg[0m
[ 40%] Built target realsense2_camera_generate_messages_lisp
[35m[1mScanning dependencies of target realsense2_camera_generate_messages_eus[0m
[ 45%] [34m[1mGenerating EusLisp code from realsense2_camera/Extrinsics.msg[0m
[ 50%] [34m[1mGenerating EusLisp code from realsense2_camera/IMUInfo.msg[0m
[ 54%] [34m[1mGenerating EusLisp manifest code for realsense2_camera[0m
[ 54%] Built target realsense2_camera_generate_messages_eus
[35m[1mScanning dependencies of target realsense2_camera_generate_messages_cpp[0m
[ 59%] [34m[1mGenerating C++ code from realsense2_camera/Extrinsics.msg[0m
[ 63%] [34m[1mGenerating C++ code from realsense2_camera/IMUInfo.msg[0m
[ 63%] Built target realsense2_camera_generate_messages_cpp
[35m[1mScanning dependencies of target realsense2_camera_generate_messages_nodejs[0m
[ 68%] [34m[1mGenerating Javascript code from realsense2_camera/Extrinsics.msg[0m
[ 72%] [34m[1mGenerating Javascript code from realsense2_camera/IMUInfo.msg[0m
[ 72%] Built target realsense2_camera_generate_messages_nodejs
[35m[1mScanning dependencies of target realsense2_camera[0m
[ 77%] [32mBuilding CXX object CMakeFiles/realsense2_camera.dir/src/realsense_node_factory.cpp.o[0m
[ 81%] [32mBuilding CXX object CMakeFiles/realsense2_camera.dir/src/base_realsense_node.cpp.o[0m
[ 86%] [32mBuilding CXX object CMakeFiles/realsense2_camera.dir/src/rs415_node.cpp.o[0m
[ 90%] [32mBuilding CXX object CMakeFiles/realsense2_camera.dir/src/rs435_node.cpp.o[0m
[ 95%] [32mBuilding CXX object CMakeFiles/realsense2_camera.dir/src/sr300_node.cpp.o[0m
[100%] [32m[1mLinking CXX shared library /home/marvin/mARVin/catkin_ws/devel/.private/realsense2_camera/lib/librealsense2_camera.so[0m
[100%] Built target realsense2_camera
[35m[1mScanning dependencies of target realsense2_camera_generate_messages[0m
[100%] Built target realsense2_camera_generate_messages
