Symlinking /home/marvin/mARVin/catkin_ws/devel/lib/librealsense2_camera.so
Symlinking /home/marvin/mARVin/catkin_ws/devel/lib/pkgconfig/realsense2_camera.pc
Symlinking /home/marvin/mARVin/catkin_ws/devel/lib/python2.7/dist-packages/realsense2_camera/__init__.py
Symlinking /home/marvin/mARVin/catkin_ws/devel/lib/python2.7/dist-packages/realsense2_camera/cfg/rs415_paramsConfig.py
Symlinking /home/marvin/mARVin/catkin_ws/devel/lib/python2.7/dist-packages/realsense2_camera/cfg/__init__.py
Symlinking /home/marvin/mARVin/catkin_ws/devel/lib/python2.7/dist-packages/realsense2_camera/cfg/rs435_paramsConfig.py
Symlinking /home/marvin/mARVin/catkin_ws/devel/lib/python2.7/dist-packages/realsense2_camera/cfg/sr300_paramsConfig.py
Symlinking /home/marvin/mARVin/catkin_ws/devel/lib/python2.7/dist-packages/realsense2_camera/cfg/base_d400_paramsConfig.py
Symlinking /home/marvin/mARVin/catkin_ws/devel/lib/python2.7/dist-packages/realsense2_camera/msg/_IMUInfo.py
Symlinking /home/marvin/mARVin/catkin_ws/devel/lib/python2.7/dist-packages/realsense2_camera/msg/__init__.py
Symlinking /home/marvin/mARVin/catkin_ws/devel/lib/python2.7/dist-packages/realsense2_camera/msg/_Extrinsics.py
Symlinking /home/marvin/mARVin/catkin_ws/devel/include/realsense2_camera/sr300_paramsConfig.h
Symlinking /home/marvin/mARVin/catkin_ws/devel/include/realsense2_camera/IMUInfo.h
Symlinking /home/marvin/mARVin/catkin_ws/devel/include/realsense2_camera/Extrinsics.h
Symlinking /home/marvin/mARVin/catkin_ws/devel/include/realsense2_camera/base_d400_paramsConfig.h
Symlinking /home/marvin/mARVin/catkin_ws/devel/include/realsense2_camera/rs415_paramsConfig.h
Symlinking /home/marvin/mARVin/catkin_ws/devel/include/realsense2_camera/rs435_paramsConfig.h
Symlinking /home/marvin/mARVin/catkin_ws/devel/share/roseus/ros/realsense2_camera/manifest.l
Symlinking /home/marvin/mARVin/catkin_ws/devel/share/roseus/ros/realsense2_camera/msg/Extrinsics.l
Symlinking /home/marvin/mARVin/catkin_ws/devel/share/roseus/ros/realsense2_camera/msg/IMUInfo.l
Symlinking /home/marvin/mARVin/catkin_ws/devel/share/gennodejs/ros/realsense2_camera/_index.js
Symlinking /home/marvin/mARVin/catkin_ws/devel/share/gennodejs/ros/realsense2_camera/msg/Extrinsics.js
Symlinking /home/marvin/mARVin/catkin_ws/devel/share/gennodejs/ros/realsense2_camera/msg/IMUInfo.js
Symlinking /home/marvin/mARVin/catkin_ws/devel/share/gennodejs/ros/realsense2_camera/msg/_index.js
Symlinking /home/marvin/mARVin/catkin_ws/devel/share/common-lisp/ros/realsense2_camera/msg/_package_Extrinsics.lisp
Symlinking /home/marvin/mARVin/catkin_ws/devel/share/common-lisp/ros/realsense2_camera/msg/Extrinsics.lisp
Symlinking /home/marvin/mARVin/catkin_ws/devel/share/common-lisp/ros/realsense2_camera/msg/realsense2_camera-msg.asd
Symlinking /home/marvin/mARVin/catkin_ws/devel/share/common-lisp/ros/realsense2_camera/msg/_package.lisp
Symlinking /home/marvin/mARVin/catkin_ws/devel/share/common-lisp/ros/realsense2_camera/msg/_package_IMUInfo.lisp
Symlinking /home/marvin/mARVin/catkin_ws/devel/share/common-lisp/ros/realsense2_camera/msg/IMUInfo.lisp
Symlinking /home/marvin/mARVin/catkin_ws/devel/share/realsense2_camera/cmake/realsense2_cameraConfig-version.cmake
Symlinking /home/marvin/mARVin/catkin_ws/devel/share/realsense2_camera/cmake/realsense2_camera-msg-extras.cmake
Symlinking /home/marvin/mARVin/catkin_ws/devel/share/realsense2_camera/cmake/realsense2_camera-msg-paths.cmake
Symlinking /home/marvin/mARVin/catkin_ws/devel/share/realsense2_camera/cmake/realsense2_cameraConfig.cmake
Symlinking /home/marvin/mARVin/catkin_ws/devel/share/realsense2_camera/docs/rs415_paramsConfig-usage.dox
Symlinking /home/marvin/mARVin/catkin_ws/devel/share/realsense2_camera/docs/base_d400_paramsConfig-usage.dox
Symlinking /home/marvin/mARVin/catkin_ws/devel/share/realsense2_camera/docs/rs435_paramsConfig.wikidoc
Symlinking /home/marvin/mARVin/catkin_ws/devel/share/realsense2_camera/docs/rs415_paramsConfig.wikidoc
Symlinking /home/marvin/mARVin/catkin_ws/devel/share/realsense2_camera/docs/sr300_paramsConfig.wikidoc
Symlinking /home/marvin/mARVin/catkin_ws/devel/share/realsense2_camera/docs/sr300_paramsConfig.dox
Symlinking /home/marvin/mARVin/catkin_ws/devel/share/realsense2_camera/docs/sr300_paramsConfig-usage.dox
Symlinking /home/marvin/mARVin/catkin_ws/devel/share/realsense2_camera/docs/base_d400_paramsConfig.dox
Symlinking /home/marvin/mARVin/catkin_ws/devel/share/realsense2_camera/docs/rs435_paramsConfig.dox
Symlinking /home/marvin/mARVin/catkin_ws/devel/share/realsense2_camera/docs/rs435_paramsConfig-usage.dox
Symlinking /home/marvin/mARVin/catkin_ws/devel/share/realsense2_camera/docs/rs415_paramsConfig.dox
Symlinking /home/marvin/mARVin/catkin_ws/devel/share/realsense2_camera/docs/base_d400_paramsConfig.wikidoc
