Symlinking /home/marvin/mARVin/catkin_ws/devel/lib/marvin/listener
Symlinking /home/marvin/mARVin/catkin_ws/devel/lib/marvin/talker
Symlinking /home/marvin/mARVin/catkin_ws/devel/lib/pkgconfig/marvin.pc
Symlinking /home/marvin/mARVin/catkin_ws/devel/lib/python2.7/dist-packages/marvin/__init__.py
Symlinking /home/marvin/mARVin/catkin_ws/devel/lib/python2.7/dist-packages/marvin/msg/_lidar.py
Symlinking /home/marvin/mARVin/catkin_ws/devel/lib/python2.7/dist-packages/marvin/msg/__init__.py
Symlinking /home/marvin/mARVin/catkin_ws/devel/include/marvin/lidar.h
Symlinking /home/marvin/mARVin/catkin_ws/devel/share/roseus/ros/marvin/manifest.l
Symlinking /home/marvin/mARVin/catkin_ws/devel/share/roseus/ros/marvin/msg/lidar.l
Symlinking /home/marvin/mARVin/catkin_ws/devel/share/marvin/cmake/marvin-msg-paths.cmake
Symlinking /home/marvin/mARVin/catkin_ws/devel/share/marvin/cmake/marvinConfig-version.cmake
Symlinking /home/marvin/mARVin/catkin_ws/devel/share/marvin/cmake/marvinConfig.cmake
Symlinking /home/marvin/mARVin/catkin_ws/devel/share/marvin/cmake/marvin-msg-extras.cmake
Symlinking /home/marvin/mARVin/catkin_ws/devel/share/gennodejs/ros/marvin/_index.js
Symlinking /home/marvin/mARVin/catkin_ws/devel/share/gennodejs/ros/marvin/msg/lidar.js
Symlinking /home/marvin/mARVin/catkin_ws/devel/share/gennodejs/ros/marvin/msg/_index.js
Symlinking /home/marvin/mARVin/catkin_ws/devel/share/common-lisp/ros/marvin/msg/_package_lidar.lisp
Symlinking /home/marvin/mARVin/catkin_ws/devel/share/common-lisp/ros/marvin/msg/marvin-msg.asd
Symlinking /home/marvin/mARVin/catkin_ws/devel/share/common-lisp/ros/marvin/msg/lidar.lisp
Symlinking /home/marvin/mARVin/catkin_ws/devel/share/common-lisp/ros/marvin/msg/_package.lisp
