[35m[1mScanning dependencies of target std_msgs_generate_messages_cpp[0m
[  0%] Built target std_msgs_generate_messages_cpp
[35m[1mScanning dependencies of target _marvin_generate_messages_check_deps_lidar[0m
[  0%] Built target _marvin_generate_messages_check_deps_lidar
[35m[1mScanning dependencies of target std_msgs_generate_messages_eus[0m
[  0%] Built target std_msgs_generate_messages_eus
[35m[1mScanning dependencies of target std_msgs_generate_messages_py[0m
[  0%] Built target std_msgs_generate_messages_py
[35m[1mScanning dependencies of target std_msgs_generate_messages_nodejs[0m
[  0%] Built target std_msgs_generate_messages_nodejs
[35m[1mScanning dependencies of target std_msgs_generate_messages_lisp[0m
[  0%] Built target std_msgs_generate_messages_lisp
[35m[1mScanning dependencies of target marvin_generate_messages_cpp[0m
[  9%] [34m[1mGenerating C++ code from marvin/lidar.msg[0m
[  9%] Built target marvin_generate_messages_cpp
[35m[1mScanning dependencies of target marvin_generate_messages_eus[0m
[ 18%] [34m[1mGenerating EusLisp code from marvin/lidar.msg[0m
[ 27%] [34m[1mGenerating EusLisp manifest code for marvin[0m
[ 27%] Built target marvin_generate_messages_eus
[35m[1mScanning dependencies of target marvin_generate_messages_py[0m
[ 36%] [34m[1mGenerating Python from MSG marvin/lidar[0m
[ 45%] [34m[1mGenerating Python msg __init__.py for marvin[0m
[ 45%] Built target marvin_generate_messages_py
[35m[1mScanning dependencies of target marvin_generate_messages_nodejs[0m
[ 54%] [34m[1mGenerating Javascript code from marvin/lidar.msg[0m
[ 54%] Built target marvin_generate_messages_nodejs
[35m[1mScanning dependencies of target marvin_generate_messages_lisp[0m
[ 63%] [34m[1mGenerating Lisp code from marvin/lidar.msg[0m
[ 63%] Built target marvin_generate_messages_lisp
[35m[1mScanning dependencies of target listener[0m
[ 72%] [32mBuilding CXX object CMakeFiles/listener.dir/src/listener.cpp.o[0m
[ 81%] [32m[1mLinking CXX executable /home/marvin/mARVin/catkin_ws/devel/.private/marvin/lib/marvin/listener[0m
[ 81%] Built target listener
[35m[1mScanning dependencies of target talker[0m
[ 90%] [32mBuilding CXX object CMakeFiles/talker.dir/src/talker.cpp.o[0m
[100%] [32m[1mLinking CXX executable /home/marvin/mARVin/catkin_ws/devel/.private/marvin/lib/marvin/talker[0m
[100%] Built target talker
[35m[1mScanning dependencies of target marvin_generate_messages[0m
[100%] Built target marvin_generate_messages
